Traceback (most recent call last):
  File "/Users/tchun/opt/anaconda3/envs/class_ml/lib/python3.12/site-packages/jupyter_cache/executors/utils.py", line 58, in single_nb_execution
    executenb(
  File "/Users/tchun/opt/anaconda3/envs/class_ml/lib/python3.12/site-packages/nbclient/client.py", line 1305, in execute
    return NotebookClient(nb=nb, resources=resources, km=km, **kwargs).execute()
           ^^^^^^^^^^^^^^^^^^^^^^^^^^^^^^^^^^^^^^^^^^^^^^^^^^^^^^^^^^^^^^^^^^^^^
  File "/Users/tchun/opt/anaconda3/envs/class_ml/lib/python3.12/site-packages/jupyter_core/utils/__init__.py", line 165, in wrapped
    return loop.run_until_complete(inner)
           ^^^^^^^^^^^^^^^^^^^^^^^^^^^^^^
  File "/Users/tchun/opt/anaconda3/envs/class_ml/lib/python3.12/asyncio/base_events.py", line 687, in run_until_complete
    return future.result()
           ^^^^^^^^^^^^^^^
  File "/Users/tchun/opt/anaconda3/envs/class_ml/lib/python3.12/site-packages/nbclient/client.py", line 705, in async_execute
    await self.async_execute_cell(
  File "/Users/tchun/opt/anaconda3/envs/class_ml/lib/python3.12/site-packages/nbclient/client.py", line 1058, in async_execute_cell
    await self._check_raise_for_error(cell, cell_index, exec_reply)
  File "/Users/tchun/opt/anaconda3/envs/class_ml/lib/python3.12/site-packages/nbclient/client.py", line 914, in _check_raise_for_error
    raise CellExecutionError.from_cell_and_msg(cell, exec_reply_content)
nbclient.exceptions.CellExecutionError: An error occurred while executing the following cell:
------------------
import numpy as np
import matplotlib.pyplot as plt

# Generate probabilities from 0 to 1
p = np.linspace(0, 1, 100)

# Calculate entropy for each probability (handling 0 and 1 to avoid log(0) errors)
entropy = - (p * np.log2(p + 1e-10) + (1 - p) * np.log2(1 - p + 1e-10))

# Create the plot
plt.figure(figsize=(8, 6))
plt.plot(p, entropy, linewidth=2)
plt.xlabel('P(X=1)', fontsize=12)
plt.ylabel('H(X)', fontsize=12)
plt.grid(True)
plt.show()
------------------


[0;31m---------------------------------------------------------------------------[0m
[0;31mModuleNotFoundError[0m                       Traceback (most recent call last)
Cell [0;32mIn[1], line 2[0m
[1;32m      1[0m [38;5;28;01mimport[39;00m [38;5;21;01mnumpy[39;00m [38;5;28;01mas[39;00m [38;5;21;01mnp[39;00m
[0;32m----> 2[0m [38;5;28;01mimport[39;00m [38;5;21;01mmatplotlib[39;00m[38;5;21;01m.[39;00m[38;5;21;01mpyplot[39;00m [38;5;28;01mas[39;00m [38;5;21;01mplt[39;00m
[1;32m      4[0m [38;5;66;03m# Generate probabilities from 0 to 1[39;00m
[1;32m      5[0m p [38;5;241m=[39m np[38;5;241m.[39mlinspace([38;5;241m0[39m, [38;5;241m1[39m, [38;5;241m100[39m)

[0;31mModuleNotFoundError[0m: No module named 'matplotlib'

